{
  "stats": {
    "suites": 1,
    "tests": 1,
    "passes": 1,
    "pending": 0,
    "failures": 0,
    "start": "2023-08-24T07:31:29.172Z",
    "end": "2023-08-24T07:31:49.535Z",
    "duration": 20363,
    "testsRegistered": 1,
    "passPercent": 100,
    "pendingPercent": 0,
    "other": 0,
    "hasOther": false,
    "skipped": 0,
    "hasSkipped": false
  },
  "results": [
    {
      "uuid": "3ccac658-fa69-4850-86ec-18082eda9cdd",
      "title": "",
      "fullFile": "cypress\\integration\\Tests\\Test.js",
      "file": "cypress\\integration\\Tests\\Test.js",
      "beforeHooks": [],
      "afterHooks": [],
      "tests": [],
      "suites": [
        {
          "uuid": "34b96e38-ce33-4d81-b1aa-261b6b83979a",
          "title": "Mercedes Website",
          "fullFile": "",
          "file": "",
          "beforeHooks": [],
          "afterHooks": [],
          "tests": [
            {
              "title": "Validates A Class model prices",
              "fullTitle": "Mercedes Website Validates A Class model prices",
              "timedOut": null,
              "duration": 18285,
              "state": "passed",
              "speed": "slow",
              "pass": true,
              "fail": false,
              "pending": false,
              "context": null,
              "code": "home.visit();\n// cy.wait(10000)\nhome.acceptCookies();\nhome.openOurModels();\nhome.selectOurModels(\"Hatchbacks\");\nhome.selectHatchbackModel(\"A-Class Hatchback\");\nmodelOverview.checkNavigationText(\"A-Class Hatchback\");\nmodelOverview.checkStageImageText(\"A-Class Hatchback\");\nmodelOverview.checkUrlContainsCarModelName(\"a-class\");\nmodelOverview.goToBuildYourCar();\nconfigurator.selectAFuelType(\"Diesel\");\nconfigurator.saveHighestAndLowestPrices();\ncy.screenshot('results-screenshot', {\n  capture: 'fullPage',\n  overwrite: true\n});",
              "err": {},
              "uuid": "9be468d0-5655-47f8-9d76-9272b620d670",
              "parentUUID": "34b96e38-ce33-4d81-b1aa-261b6b83979a",
              "isHook": false,
              "skipped": false
            }
          ],
          "suites": [],
          "passes": [
            "9be468d0-5655-47f8-9d76-9272b620d670"
          ],
          "failures": [],
          "pending": [],
          "skipped": [],
          "duration": 18285,
          "root": false,
          "rootEmpty": false,
          "_timeout": 2000
        }
      ],
      "passes": [],
      "failures": [],
      "pending": [],
      "skipped": [],
      "duration": 0,
      "root": true,
      "rootEmpty": true,
      "_timeout": 2000
    }
  ],
  "meta": {
    "mocha": {
      "version": "7.0.1"
    },
    "mochawesome": {
      "options": {
        "quiet": true,
        "reportFilename": "[name]-run-24-August-2023-09_31_19",
        "saveHtml": true,
        "saveJson": true,
        "consoleReporter": "spec",
        "useInlineDiffs": false,
        "code": true
      },
      "version": "7.1.3"
    },
    "marge": {
      "options": {
        "id": "default",
        "reportDir": "cypress/reports",
        "quiet": true,
        "overwrite": true,
        "html": true,
        "json": true,
        "reportFilename": "[name]-run-24-August-2023-09_31_19"
      },
      "version": "6.2.0"
    }
  }
}