{
  "stats": {
    "suites": 1,
    "tests": 1,
    "passes": 1,
    "pending": 0,
    "failures": 0,
    "start": "2023-08-23T20:21:08.814Z",
    "end": "2023-08-23T20:21:29.516Z",
    "duration": 20702,
    "testsRegistered": 1,
    "passPercent": 100,
    "pendingPercent": 0,
    "other": 0,
    "hasOther": false,
    "skipped": 0,
    "hasSkipped": false
  },
  "results": [
    {
      "uuid": "cf162838-c4e1-49ed-8ddd-e3319628a9bf",
      "title": "",
      "fullFile": "cypress\\integration\\Tests\\Test.js",
      "file": "cypress\\integration\\Tests\\Test.js",
      "beforeHooks": [],
      "afterHooks": [],
      "tests": [],
      "suites": [
        {
          "uuid": "25d7dfc8-5d46-4553-9301-d02777332aaf",
          "title": "Mercedes Website",
          "fullFile": "",
          "file": "",
          "beforeHooks": [],
          "afterHooks": [],
          "tests": [
            {
              "title": "Validates A Class model prices",
              "fullTitle": "Mercedes Website Validates A Class model prices",
              "timedOut": null,
              "duration": 18618,
              "state": "passed",
              "speed": "slow",
              "pass": true,
              "fail": false,
              "pending": false,
              "context": null,
              "code": "home.visit();\n// cy.wait(10000)\nhome.acceptCookies();\nhome.openOurModels();\nhome.selectOurModels(\"Hatchbacks\");\nhome.selectHatchbackModel(\"A-Class Hatchback\");\nmodelOverview.checkNavigationText(\"A-Class Hatchback\");\nmodelOverview.checkStageImageText(\"A-Class Hatchback\");\nmodelOverview.checkUrlContainsCarModelName(\"a-class\");\nmodelOverview.goToBuildYourCar();\nconfigurator.selectAFuelType(\"Diesel\");\nconfigurator.saveHighestAndLowestPrices();\ncy.screenshot('results-screenshot', {\n  capture: 'fullPage',\n  overwrite: true\n});",
              "err": {},
              "uuid": "fbb9127d-33d5-4ed9-9992-c85402503a63",
              "parentUUID": "25d7dfc8-5d46-4553-9301-d02777332aaf",
              "isHook": false,
              "skipped": false
            }
          ],
          "suites": [],
          "passes": [
            "fbb9127d-33d5-4ed9-9992-c85402503a63"
          ],
          "failures": [],
          "pending": [],
          "skipped": [],
          "duration": 18618,
          "root": false,
          "rootEmpty": false,
          "_timeout": 2000
        }
      ],
      "passes": [],
      "failures": [],
      "pending": [],
      "skipped": [],
      "duration": 0,
      "root": true,
      "rootEmpty": true,
      "_timeout": 2000
    }
  ],
  "meta": {
    "mocha": {
      "version": "7.0.1"
    },
    "mochawesome": {
      "options": {
        "quiet": true,
        "reportFilename": "[name]-run-23-August-2023-22_21_02",
        "saveHtml": true,
        "saveJson": true,
        "consoleReporter": "spec",
        "useInlineDiffs": false,
        "code": true
      },
      "version": "7.1.3"
    },
    "marge": {
      "options": {
        "id": "default",
        "reportDir": "cypress/reports",
        "quiet": true,
        "overwrite": true,
        "html": true,
        "json": true,
        "reportFilename": "[name]-run-23-August-2023-22_21_02"
      },
      "version": "6.2.0"
    }
  }
}